<?xml version="1.0" encoding="UTF-8"?>
<testng-results skipped="0" failed="1" ignored="0" total="2" passed="1">
  <reporter-output>
  </reporter-output>
  <suite name="Amazon test automation" duration-ms="26169" started-at="2017-05-23T02:10:44Z" finished-at="2017-05-23T02:11:10Z">
    <groups>
    </groups>
    <test name="Home Page" duration-ms="26169" started-at="2017-05-23T02:10:44Z" finished-at="2017-05-23T02:11:10Z">
      <class name="tests.HomePageLinksTest">
        <test-method status="PASS" signature="setup(java.lang.String, java.lang.String, java.lang.String, java.lang.String)[pri:0, instance:tests.HomePageLinksTest@5ebec15]" name="setup" is-config="true" duration-ms="8148" started-at="2017-05-22T22:10:44Z" finished-at="2017-05-22T22:10:52Z">
          <params>
            <param index="0">
              <value>
                <![CDATA[https://www.amazon.com]]>
              </value>
            </param>
            <param index="1">
              <value>
                <![CDATA[chrome]]>
              </value>
            </param>
            <param index="2">
              <value>
                <![CDATA[mac]]>
              </value>
            </param>
            <param index="3">
              <value>
                <![CDATA[local]]>
              </value>
            </param>
          </params>
          <reporter-output>
          </reporter-output>
        </test-method> <!-- setup -->
        <test-method status="PASS" signature="setUpPageObject()[pri:0, instance:tests.HomePageLinksTest@5ebec15]" name="setUpPageObject" is-config="true" duration-ms="56" started-at="2017-05-22T22:10:52Z" finished-at="2017-05-22T22:10:52Z">
          <reporter-output>
          </reporter-output>
        </test-method> <!-- setUpPageObject -->
        <test-method status="PASS" signature="testCartLink()[pri:0, instance:tests.HomePageLinksTest@5ebec15]" name="testCartLink" duration-ms="2013" started-at="2017-05-22T22:10:52Z" finished-at="2017-05-22T22:10:54Z">
          <reporter-output>
          </reporter-output>
        </test-method> <!-- testCartLink -->
        <test-method status="PASS" signature="teardown(org.testng.ITestResult)[pri:0, instance:tests.HomePageLinksTest@5ebec15]" name="teardown" is-config="true" duration-ms="102" started-at="2017-05-22T22:10:54Z" finished-at="2017-05-22T22:10:54Z">
          <params>
            <param index="0">
              <value>
                <![CDATA[[TestResult name=testCartLink status=SUCCESS method=HomePageLinksTest.testCartLink()[pri:0, instance:tests.HomePageLinksTest@5ebec15] output={null}]]]>
              </value>
            </param>
          </params>
          <reporter-output>
          </reporter-output>
        </test-method> <!-- teardown -->
        <test-method status="PASS" signature="setup(java.lang.String, java.lang.String, java.lang.String, java.lang.String)[pri:0, instance:tests.HomePageLinksTest@5ebec15]" name="setup" is-config="true" duration-ms="4707" started-at="2017-05-22T22:10:54Z" finished-at="2017-05-22T22:10:59Z">
          <params>
            <param index="0">
              <value>
                <![CDATA[https://www.amazon.com]]>
              </value>
            </param>
            <param index="1">
              <value>
                <![CDATA[chrome]]>
              </value>
            </param>
            <param index="2">
              <value>
                <![CDATA[mac]]>
              </value>
            </param>
            <param index="3">
              <value>
                <![CDATA[local]]>
              </value>
            </param>
          </params>
          <reporter-output>
          </reporter-output>
        </test-method> <!-- setup -->
        <test-method status="FAIL" signature="testHelpLink()[pri:0, instance:tests.HomePageLinksTest@5ebec15]" name="testHelpLink" duration-ms="10540" started-at="2017-05-22T22:10:59Z" finished-at="2017-05-22T22:11:09Z">
          <exception class="org.openqa.selenium.TimeoutException">
            <message>
              <![CDATA[Expected condition failed: waiting for element to be clickable: [[ChromeDriver: chrome on MAC (927c1b465f15544716f9357e0919e74f)] -> xpath: //div[@id='nav-xshop']//a[text()='Help']] (tried for 10 second(s) with 500 MILLISECONDS interval)
Build info: version: '3.4.0', revision: 'unknown', time: 'unknown'
System info: host: 'akhi-air', ip: 'fe80:0:0:0:4ad7:5ff:febc:ffef%en0', os.name: 'Mac OS X', os.arch: 'x86_64', os.version: '10.11', java.version: '1.8.0_111'
Driver info: org.openqa.selenium.chrome.ChromeDriver
Capabilities [{applicationCacheEnabled=false, rotatable=false, mobileEmulationEnabled=false, networkConnectionEnabled=false, chrome={chromedriverVersion=2.29.461585 (0be2cd95f834e9ee7c46bcc7cf405b483f5ae83b), userDataDir=/var/folders/_y/_ylf_l411fx43wh3fr_97qp00000gn/T/.org.chromium.Chromium.Y7wKTW}, takesHeapSnapshot=true, pageLoadStrategy=normal, databaseEnabled=false, handlesAlerts=true, hasTouchScreen=false, version=58.0.3029.110, platform=MAC, browserConnectionEnabled=false, nativeEvents=true, acceptSslCerts=true, locationContextEnabled=true, webStorageEnabled=true, browserName=chrome, takesScreenshot=true, javascriptEnabled=true, cssSelectorsEnabled=true, unexpectedAlertBehaviour=}]
Session ID: 927c1b465f15544716f9357e0919e74f]]>
            </message>
            <full-stacktrace>
              <![CDATA[org.openqa.selenium.TimeoutException: Expected condition failed: waiting for element to be clickable: [[ChromeDriver: chrome on MAC (927c1b465f15544716f9357e0919e74f)] -> xpath: //div[@id='nav-xshop']//a[text()='Help']] (tried for 10 second(s) with 500 MILLISECONDS interval)
Build info: version: '3.4.0', revision: 'unknown', time: 'unknown'
System info: host: 'akhi-air', ip: 'fe80:0:0:0:4ad7:5ff:febc:ffef%en0', os.name: 'Mac OS X', os.arch: 'x86_64', os.version: '10.11', java.version: '1.8.0_111'
Driver info: org.openqa.selenium.chrome.ChromeDriver
Capabilities [{applicationCacheEnabled=false, rotatable=false, mobileEmulationEnabled=false, networkConnectionEnabled=false, chrome={chromedriverVersion=2.29.461585 (0be2cd95f834e9ee7c46bcc7cf405b483f5ae83b), userDataDir=/var/folders/_y/_ylf_l411fx43wh3fr_97qp00000gn/T/.org.chromium.Chromium.Y7wKTW}, takesHeapSnapshot=true, pageLoadStrategy=normal, databaseEnabled=false, handlesAlerts=true, hasTouchScreen=false, version=58.0.3029.110, platform=MAC, browserConnectionEnabled=false, nativeEvents=true, acceptSslCerts=true, locationContextEnabled=true, webStorageEnabled=true, browserName=chrome, takesScreenshot=true, javascriptEnabled=true, cssSelectorsEnabled=true, unexpectedAlertBehaviour=}]
Session ID: 927c1b465f15544716f9357e0919e74f
	at org.openqa.selenium.support.ui.WebDriverWait.timeoutException(WebDriverWait.java:80)
	at org.openqa.selenium.support.ui.FluentWait.until(FluentWait.java:232)
	at framework.CommonAPI.waitToBeClickable(CommonAPI.java:114)
	at tests.HomePageLinksTest.testHelpLink(HomePageLinksTest.java:19)
	at sun.reflect.NativeMethodAccessorImpl.invoke0(Native Method)
	at sun.reflect.NativeMethodAccessorImpl.invoke(NativeMethodAccessorImpl.java:62)
	at sun.reflect.DelegatingMethodAccessorImpl.invoke(DelegatingMethodAccessorImpl.java:43)
	at java.lang.reflect.Method.invoke(Method.java:498)
	at org.testng.internal.MethodInvocationHelper.invokeMethod(MethodInvocationHelper.java:108)
	at org.testng.internal.Invoker.invokeMethod(Invoker.java:661)
	at org.testng.internal.Invoker.invokeTestMethod(Invoker.java:869)
	at org.testng.internal.Invoker.invokeTestMethods(Invoker.java:1193)
	at org.testng.internal.TestMethodWorker.invokeTestMethods(TestMethodWorker.java:126)
	at org.testng.internal.TestMethodWorker.run(TestMethodWorker.java:109)
	at org.testng.TestRunner.privateRun(TestRunner.java:744)
	at org.testng.TestRunner.run(TestRunner.java:602)
	at org.testng.SuiteRunner.runTest(SuiteRunner.java:380)
	at org.testng.SuiteRunner.runSequentially(SuiteRunner.java:375)
	at org.testng.SuiteRunner.privateRun(SuiteRunner.java:340)
	at org.testng.SuiteRunner.run(SuiteRunner.java:289)
	at org.testng.SuiteRunnerWorker.runSuite(SuiteRunnerWorker.java:52)
	at org.testng.SuiteRunnerWorker.run(SuiteRunnerWorker.java:86)
	at org.testng.TestNG.runSuitesSequentially(TestNG.java:1301)
	at org.testng.TestNG.runSuitesLocally(TestNG.java:1226)
	at org.testng.TestNG.runSuites(TestNG.java:1144)
	at org.testng.TestNG.run(TestNG.java:1115)
	at org.testng.IDEARemoteTestNG.run(IDEARemoteTestNG.java:72)
	at org.testng.RemoteTestNGStarter.main(RemoteTestNGStarter.java:127)
]]>
            </full-stacktrace>
          </exception> <!-- org.openqa.selenium.TimeoutException -->
          <reporter-output>
          </reporter-output>
        </test-method> <!-- testHelpLink -->
        <test-method status="PASS" signature="setUpPageObject()[pri:0, instance:tests.HomePageLinksTest@5ebec15]" name="setUpPageObject" is-config="true" duration-ms="0" started-at="2017-05-22T22:10:59Z" finished-at="2017-05-22T22:10:59Z">
          <reporter-output>
          </reporter-output>
        </test-method> <!-- setUpPageObject -->
        <test-method status="PASS" signature="teardown(org.testng.ITestResult)[pri:0, instance:tests.HomePageLinksTest@5ebec15]" name="teardown" is-config="true" duration-ms="559" started-at="2017-05-22T22:11:09Z" finished-at="2017-05-22T22:11:10Z">
          <params>
            <param index="0">
              <value>
                <![CDATA[[TestResult name=testHelpLink status=FAILURE method=HomePageLinksTest.testHelpLink()[pri:0, instance:tests.HomePageLinksTest@5ebec15] output={null}]]]>
              </value>
            </param>
          </params>
          <reporter-output>
          </reporter-output>
        </test-method> <!-- teardown -->
      </class> <!-- tests.HomePageLinksTest -->
    </test> <!-- Home Page -->
  </suite> <!-- Amazon test automation -->
</testng-results>
